2022.12.11 15:02:20 INFO  Started: Metals version 0.11.2 in workspace '/Users/lisian/worksplace/spark_with_drools/simple/app' for client coc.nvim 0.0.80.[0m
2022.12.11 15:02:20 INFO  Parse release: 11.0.11[0m
INFO  time: initialize in 2.1s
2022.12.11 15:02:23 INFO  time: initialize in 3.06s[0m
2022.12.11 15:02:23 INFO  Deleting old database format /Users/lisian/worksplace/spark_with_drools/simple/app/.metals/metals.h2.db[0m
INFO  Selected port 5031
12월 11, 2022 3:02:23 오후 org.xnio.Xnio <clinit>
INFO: XNIO version 3.6.5.Final
12월 11, 2022 3:02:23 오후 org.xnio.nio.NioXnio <clinit>
INFO: XNIO NIO Implementation Version 3.6.5.Final
2022.12.11 15:02:23 WARN  resetting database: /Users/lisian/worksplace/spark_with_drools/simple/app/.metals/metals.h2.db[0m
2022.12.11 15:02:23 ERROR org.flywaydb.core.internal.exception.FlywaySqlException: Unable to determine H2 compatibility mode
-----------------------------------------
SQL State  : 42S22
Error Code : 42122
Message    : Column "SETTING_VALUE" not found; SQL statement:
SELECT SETTING_VALUE FROM INFORMATION_SCHEMA.SETTINGS WHERE SETTING_NAME = 'MODE' [42122-206]

	at org.flywaydb.core.internal.database.h2.H2Database.determineCompatibilityMode(H2Database.java:95)
	at org.flywaydb.core.internal.database.h2.H2Database.<init>(H2Database.java:63)
	at org.flywaydb.core.internal.database.h2.H2DatabaseType.createDatabase(H2DatabaseType.java:61)
	at org.flywaydb.core.internal.database.base.BaseDatabaseType.createDatabase(BaseDatabaseType.java:140)
	at org.flywaydb.core.FlywayExecutor.execute(FlywayExecutor.java:176)
	at org.flywaydb.core.Flyway.clean(Flyway.java:211)
	at scala.meta.internal.metals.Tables.migrateOrRestart(Tables.scala:130)
	at scala.meta.internal.metals.Tables.tryUrl(Tables.scala:118)
	at scala.meta.internal.metals.Tables.persistentConnection(Tables.scala:112)
	at scala.meta.internal.metals.Tables.tryAutoServer(Tables.scala:55)
	at scala.meta.internal.metals.Tables.connect(Tables.scala:38)
	at scala.meta.internal.metals.MetalsLanguageServer.initialized(MetalsLanguageServer.scala:964)
	at jdk.internal.reflect.NativeMethodAccessorImpl.invoke0(Native Method)
	at jdk.internal.reflect.NativeMethodAccessorImpl.invoke(NativeMethodAccessorImpl.java:62)
	at jdk.internal.reflect.DelegatingMethodAccessorImpl.invoke(DelegatingMethodAccessorImpl.java:43)
	at java.lang.reflect.Method.invoke(Method.java:566)
	at org.eclipse.lsp4j.jsonrpc.services.GenericEndpoint.lambda$null$0(GenericEndpoint.java:65)
	at org.eclipse.lsp4j.jsonrpc.services.GenericEndpoint.notify(GenericEndpoint.java:152)
	at org.eclipse.lsp4j.jsonrpc.RemoteEndpoint.handleNotification(RemoteEndpoint.java:220)
	at org.eclipse.lsp4j.jsonrpc.RemoteEndpoint.consume(RemoteEndpoint.java:187)
	at org.eclipse.lsp4j.jsonrpc.json.StreamMessageProducer.handleMessage(StreamMessageProducer.java:194)
	at org.eclipse.lsp4j.jsonrpc.json.StreamMessageProducer.listen(StreamMessageProducer.java:94)
	at org.eclipse.lsp4j.jsonrpc.json.ConcurrentMessageProcessor.run(ConcurrentMessageProcessor.java:113)
	at java.util.concurrent.Executors$RunnableAdapter.call(Executors.java:515)
	at java.util.concurrent.FutureTask.run(FutureTask.java:264)
	at java.util.concurrent.ThreadPoolExecutor.runWorker(ThreadPoolExecutor.java:1128)
	at java.util.concurrent.ThreadPoolExecutor$Worker.run(ThreadPoolExecutor.java:628)
	at java.lang.Thread.run(Thread.java:829)
Caused by: org.h2.jdbc.JdbcSQLSyntaxErrorException: Column "SETTING_VALUE" not found; SQL statement:
SELECT SETTING_VALUE FROM INFORMATION_SCHEMA.SETTINGS WHERE SETTING_NAME = 'MODE' [42122-206]
	at org.h2.message.DbException.getJdbcSQLException(DbException.java:521)
	at org.h2.engine.SessionRemote.readException(SessionRemote.java:637)
	at org.h2.engine.SessionRemote.done(SessionRemote.java:606)
	at org.h2.command.CommandRemote.prepare(CommandRemote.java:78)
	at org.h2.command.CommandRemote.<init>(CommandRemote.java:50)
	at org.h2.engine.SessionRemote.prepareCommand(SessionRemote.java:480)
	at org.h2.jdbc.JdbcConnection.prepareCommand(JdbcConnection.java:1111)
	at org.h2.jdbc.JdbcPreparedStatement.<init>(JdbcPreparedStatement.java:92)
	at org.h2.jdbc.JdbcConnection.prepareStatement(JdbcConnection.java:283)
	at org.flywaydb.core.internal.jdbc.JdbcTemplate.prepareStatement(JdbcTemplate.java:300)
	at org.flywaydb.core.internal.jdbc.JdbcTemplate.queryForString(JdbcTemplate.java:157)
	at org.flywaydb.core.internal.database.h2.H2Database.determineCompatibilityMode(H2Database.java:89)
	at org.flywaydb.core.internal.database.h2.H2Database.<init>(H2Database.java:63)
	at org.flywaydb.core.internal.database.h2.H2DatabaseType.createDatabase(H2DatabaseType.java:61)
	at org.flywaydb.core.internal.database.base.BaseDatabaseType.createDatabase(BaseDatabaseType.java:140)
	at org.flywaydb.core.FlywayExecutor.execute(FlywayExecutor.java:176)
	at org.flywaydb.core.Flyway.clean(Flyway.java:211)
	at scala.meta.internal.metals.Tables.migrateOrRestart(Tables.scala:130)
	at scala.meta.internal.metals.Tables.tryUrl(Tables.scala:118)
	at scala.meta.internal.metals.Tables.persistentConnection(Tables.scala:112)
	at scala.meta.internal.metals.Tables.tryAutoServer(Tables.scala:55)
	at scala.meta.internal.metals.Tables.connect(Tables.scala:38)
	at scala.meta.internal.metals.MetalsLanguageServer.initialized(MetalsLanguageServer.scala:964)
	at jdk.internal.reflect.NativeMethodAccessorImpl.invoke0(Native Method)
	at jdk.internal.reflect.NativeMethodAccessorImpl.invoke(NativeMethodAccessorImpl.java:62)
	at jdk.internal.reflect.DelegatingMethodAccessorImpl.invoke(DelegatingMethodAccessorImpl.java:43)
	at java.lang.reflect.Method.invoke(Method.java:566)
	at org.eclipse.lsp4j.jsonrpc.services.GenericEndpoint.lambda$null$0(GenericEndpoint.java:65)
	at org.eclipse.lsp4j.jsonrpc.services.GenericEndpoint.notify(GenericEndpoint.java:152)
	at org.eclipse.lsp4j.jsonrpc.RemoteEndpoint.handleNotification(RemoteEndpoint.java:220)
	at org.eclipse.lsp4j.jsonrpc.RemoteEndpoint.consume(RemoteEndpoint.java:187)
	at org.eclipse.lsp4j.jsonrpc.json.StreamMessageProducer.handleMessage(StreamMessageProducer.java:194)
	at org.eclipse.lsp4j.jsonrpc.json.StreamMessageProducer.listen(StreamMessageProducer.java:94)
	at org.eclipse.lsp4j.jsonrpc.json.ConcurrentMessageProcessor.run(ConcurrentMessageProcessor.java:113)
	at java.util.concurrent.Executors$RunnableAdapter.call(Executors.java:515)
	at java.util.concurrent.FutureTask.run(FutureTask.java:264)
	at java.util.concurrent.ThreadPoolExecutor.runWorker(ThreadPoolExecutor.java:1128)
	at java.util.concurrent.ThreadPoolExecutor$Worker.run(ThreadPoolExecutor.java:628)
	at java.lang.Thread.run(Thread.java:829)
[0m
2022.12.11 15:02:23 WARN  resetting database: /Users/lisian/worksplace/spark_with_drools/simple/app/.metals/metals.h2.db[0m
2022.12.11 15:02:23 ERROR unable to setup persistent H2 database with AUTO_SERVER=false, falling back to in-memory database. This means you may be redundantly asked to execute 'Import build', even if it's not needed. Also, code navigation will not work for existing files in the .metals/readonly/ directory. To fix this problem, make sure you only have one running Metals server in the directory '/Users/lisian/worksplace/spark_with_drools/simple/app'.
org.flywaydb.core.internal.exception.FlywaySqlException: Unable to determine H2 compatibility mode
-----------------------------------------
SQL State  : 42S22
Error Code : 42122
Message    : Column "SETTING_VALUE" not found; SQL statement:
SELECT SETTING_VALUE FROM INFORMATION_SCHEMA.SETTINGS WHERE SETTING_NAME = 'MODE' [42122-206]

	at org.flywaydb.core.internal.database.h2.H2Database.determineCompatibilityMode(H2Database.java:95)
	at org.flywaydb.core.internal.database.h2.H2Database.<init>(H2Database.java:63)
	at org.flywaydb.core.internal.database.h2.H2DatabaseType.createDatabase(H2DatabaseType.java:61)
	at org.flywaydb.core.internal.database.base.BaseDatabaseType.createDatabase(BaseDatabaseType.java:140)
	at org.flywaydb.core.FlywayExecutor.execute(FlywayExecutor.java:176)
	at org.flywaydb.core.Flyway.clean(Flyway.java:211)
	at scala.meta.internal.metals.Tables.migrateOrRestart(Tables.scala:130)
	at scala.meta.internal.metals.Tables.tryUrl(Tables.scala:118)
	at scala.meta.internal.metals.Tables.persistentConnection(Tables.scala:112)
	at scala.meta.internal.metals.Tables.tryNoAutoServer(Tables.scala:72)
	at scala.meta.internal.metals.Tables.tryAutoServer(Tables.scala:66)
	at scala.meta.internal.metals.Tables.connect(Tables.scala:38)
	at scala.meta.internal.metals.MetalsLanguageServer.initialized(MetalsLanguageServer.scala:964)
	at jdk.internal.reflect.NativeMethodAccessorImpl.invoke0(Native Method)
	at jdk.internal.reflect.NativeMethodAccessorImpl.invoke(NativeMethodAccessorImpl.java:62)
	at jdk.internal.reflect.DelegatingMethodAccessorImpl.invoke(DelegatingMethodAccessorImpl.java:43)
	at java.lang.reflect.Method.invoke(Method.java:566)
	at org.eclipse.lsp4j.jsonrpc.services.GenericEndpoint.lambda$null$0(GenericEndpoint.java:65)
	at org.eclipse.lsp4j.jsonrpc.services.GenericEndpoint.notify(GenericEndpoint.java:152)
	at org.eclipse.lsp4j.jsonrpc.RemoteEndpoint.handleNotification(RemoteEndpoint.java:220)
	at org.eclipse.lsp4j.jsonrpc.RemoteEndpoint.consume(RemoteEndpoint.java:187)
	at org.eclipse.lsp4j.jsonrpc.json.StreamMessageProducer.handleMessage(StreamMessageProducer.java:194)
	at org.eclipse.lsp4j.jsonrpc.json.StreamMessageProducer.listen(StreamMessageProducer.java:94)
	at org.eclipse.lsp4j.jsonrpc.json.ConcurrentMessageProcessor.run(ConcurrentMessageProcessor.java:113)
	at java.util.concurrent.Executors$RunnableAdapter.call(Executors.java:515)
	at java.util.concurrent.FutureTask.run(FutureTask.java:264)
	at java.util.concurrent.ThreadPoolExecutor.runWorker(ThreadPoolExecutor.java:1128)
	at java.util.concurrent.ThreadPoolExecutor$Worker.run(ThreadPoolExecutor.java:628)
	at java.lang.Thread.run(Thread.java:829)
Caused by: org.h2.jdbc.JdbcSQLSyntaxErrorException: Column "SETTING_VALUE" not found; SQL statement:
SELECT SETTING_VALUE FROM INFORMATION_SCHEMA.SETTINGS WHERE SETTING_NAME = 'MODE' [42122-206]
	at org.h2.message.DbException.getJdbcSQLException(DbException.java:521)
	at org.h2.engine.SessionRemote.readException(SessionRemote.java:637)
	at org.h2.engine.SessionRemote.done(SessionRemote.java:606)
	at org.h2.command.CommandRemote.prepare(CommandRemote.java:78)
	at org.h2.command.CommandRemote.<init>(CommandRemote.java:50)
	at org.h2.engine.SessionRemote.prepareCommand(SessionRemote.java:480)
	at org.h2.jdbc.JdbcConnection.prepareCommand(JdbcConnection.java:1111)
	at org.h2.jdbc.JdbcPreparedStatement.<init>(JdbcPreparedStatement.java:92)
	at org.h2.jdbc.JdbcConnection.prepareStatement(JdbcConnection.java:283)
	at org.flywaydb.core.internal.jdbc.JdbcTemplate.prepareStatement(JdbcTemplate.java:300)
	at org.flywaydb.core.internal.jdbc.JdbcTemplate.queryForString(JdbcTemplate.java:157)
	at org.flywaydb.core.internal.database.h2.H2Database.determineCompatibilityMode(H2Database.java:89)
	at org.flywaydb.core.internal.database.h2.H2Database.<init>(H2Database.java:63)
	at org.flywaydb.core.internal.database.h2.H2DatabaseType.createDatabase(H2DatabaseType.java:61)
	at org.flywaydb.core.internal.database.base.BaseDatabaseType.createDatabase(BaseDatabaseType.java:140)
	at org.flywaydb.core.FlywayExecutor.execute(FlywayExecutor.java:176)
	at org.flywaydb.core.Flyway.clean(Flyway.java:211)
	at scala.meta.internal.metals.Tables.migrateOrRestart(Tables.scala:130)
	at scala.meta.internal.metals.Tables.tryUrl(Tables.scala:118)
	at scala.meta.internal.metals.Tables.persistentConnection(Tables.scala:112)
	at scala.meta.internal.metals.Tables.tryNoAutoServer(Tables.scala:72)
	at scala.meta.internal.metals.Tables.tryAutoServer(Tables.scala:66)
	at scala.meta.internal.metals.Tables.connect(Tables.scala:38)
	at scala.meta.internal.metals.MetalsLanguageServer.initialized(MetalsLanguageServer.scala:964)
	at jdk.internal.reflect.NativeMethodAccessorImpl.invoke0(Native Method)
	at jdk.internal.reflect.NativeMethodAccessorImpl.invoke(NativeMethodAccessorImpl.java:62)
	at jdk.internal.reflect.DelegatingMethodAccessorImpl.invoke(DelegatingMethodAccessorImpl.java:43)
	at java.lang.reflect.Method.invoke(Method.java:566)
	at org.eclipse.lsp4j.jsonrpc.services.GenericEndpoint.lambda$null$0(GenericEndpoint.java:65)
	at org.eclipse.lsp4j.jsonrpc.services.GenericEndpoint.notify(GenericEndpoint.java:152)
	at org.eclipse.lsp4j.jsonrpc.RemoteEndpoint.handleNotification(RemoteEndpoint.java:220)
	at org.eclipse.lsp4j.jsonrpc.RemoteEndpoint.consume(RemoteEndpoint.java:187)
	at org.eclipse.lsp4j.jsonrpc.json.StreamMessageProducer.handleMessage(StreamMessageProducer.java:194)
	at org.eclipse.lsp4j.jsonrpc.json.StreamMessageProducer.listen(StreamMessageProducer.java:94)
	at org.eclipse.lsp4j.jsonrpc.json.ConcurrentMessageProcessor.run(ConcurrentMessageProcessor.java:113)
	at java.util.concurrent.Executors$RunnableAdapter.call(Executors.java:515)
	at java.util.concurrent.FutureTask.run(FutureTask.java:264)
	at java.util.concurrent.ThreadPoolExecutor.runWorker(ThreadPoolExecutor.java:1128)
	at java.util.concurrent.ThreadPoolExecutor$Worker.run(ThreadPoolExecutor.java:628)
	at java.lang.Thread.run(Thread.java:829)
[0m
12월 11, 2022 3:02:23 오후 org.jboss.threads.Version <clinit>
INFO: JBoss Threads version 2.3.0.Beta2
INFO  Started Metals http server at http://127.0.0.1:5031
WARN  no build target: /Users/lisian/worksplace/spark_with_drools/simple/app/src/main/scala/simple/App.scala
ERROR Unexpected error initializing server
org.eclipse.lsp4j.jsonrpc.ResponseErrorException: Request window/showMessageRequest failed with message: Vim:Interrupt
	at org.eclipse.lsp4j.jsonrpc.RemoteEndpoint.handleResponse(RemoteEndpoint.java:209)
	at org.eclipse.lsp4j.jsonrpc.RemoteEndpoint.consume(RemoteEndpoint.java:193)
	at org.eclipse.lsp4j.jsonrpc.json.StreamMessageProducer.handleMessage(StreamMessageProducer.java:194)
	at org.eclipse.lsp4j.jsonrpc.json.StreamMessageProducer.listen(StreamMessageProducer.java:94)
	at org.eclipse.lsp4j.jsonrpc.json.ConcurrentMessageProcessor.run(ConcurrentMessageProcessor.java:113)
	at java.util.concurrent.Executors$RunnableAdapter.call(Executors.java:515)
	at java.util.concurrent.FutureTask.run(FutureTask.java:264)
	at java.util.concurrent.ThreadPoolExecutor.runWorker(ThreadPoolExecutor.java:1128)
	at java.util.concurrent.ThreadPoolExecutor$Worker.run(ThreadPoolExecutor.java:628)
	at java.lang.Thread.run(Thread.java:829)

2022.12.11 15:02:23 WARN  Build server is not auto-connectable.[0m
2022.12.11 15:02:26 WARN  no build target for: /Users/lisian/worksplace/spark_with_drools/simple/app/src/main/scala/simple/App.scala[0m
INFO  no build target: using presentation compiler with only scala-library
2022.12.11 15:02:30 INFO  no build target found for /Users/lisian/worksplace/spark_with_drools/simple/app/src/main/scala/simple/App.scala. Using presentation compiler with project's scala-library version: 3.1.1[0m
WARN  no build target: /Users/lisian/worksplace/spark_with_drools/simple/app/src/main/scala/simple/App.scala
2022.12.11 15:02:33 WARN  no build target for: /Users/lisian/worksplace/spark_with_drools/simple/app/src/main/scala/simple/App.scala[0m
WARN  no build target: /Users/lisian/worksplace/spark_with_drools/simple/app/src/main/scala/simple/App.scala
2022.12.11 15:02:40 WARN  no build target for: /Users/lisian/worksplace/spark_with_drools/simple/app/src/main/scala/simple/App.scala[0m
WARN  no build target: /Users/lisian/worksplace/spark_with_drools/simple/app/src/main/scala/simple/App.scala
2022.12.11 15:02:42 WARN  no build target for: /Users/lisian/worksplace/spark_with_drools/simple/app/src/main/scala/simple/App.scala[0m
2022.12.11 15:03:34 INFO  Started: Metals version 0.11.2 in workspace '/Users/lisian/worksplace/spark_with_drools/simple/app' for client coc.nvim 0.0.80.[0m
2022.12.11 15:03:34 INFO  Parse release: 11.0.11[0m
INFO  time: initialize in 1.91s
2022.12.11 15:03:38 INFO  time: initialize in 3.69s[0m
2022.12.11 15:03:38 INFO  Deleting old database format /Users/lisian/worksplace/spark_with_drools/simple/app/.metals/metals.h2.db[0m
2022.12.11 15:04:10 INFO  Started: Metals version 0.11.2 in workspace '/Users/lisian/worksplace/spark_with_drools/simple/app' for client coc.nvim 0.0.80.[0m
2022.12.11 15:04:10 INFO  Parse release: 11.0.11[0m
INFO  time: initialize in 1.98s
2022.12.11 15:05:08 INFO  Started: Metals version 0.11.2 in workspace '/Users/lisian/worksplace/spark_with_drools/simple/app' for client coc.nvim 0.0.80.[0m
2022.12.11 15:05:08 INFO  Parse release: 11.0.11[0m
INFO  time: initialize in 2.5s
2022.12.11 15:05:12 INFO  time: initialize in 3.74s[0m
2022.12.11 15:05:12 INFO  Deleting old database format /Users/lisian/worksplace/spark_with_drools/simple/app/.metals/metals.h2.db[0m
INFO  Selected port 5031
12월 11, 2022 3:05:14 오후 org.xnio.Xnio <clinit>
INFO: XNIO version 3.6.5.Final
12월 11, 2022 3:05:14 오후 org.xnio.nio.NioXnio <clinit>
INFO: XNIO NIO Implementation Version 3.6.5.Final
12월 11, 2022 3:05:14 오후 org.jboss.threads.Version <clinit>
INFO: JBoss Threads version 2.3.0.Beta2
INFO  Started Metals http server at http://127.0.0.1:5031
WARN  no build target: /Users/lisian/worksplace/spark_with_drools/simple/app/src/main/scala/simple/App.scala
2022.12.11 15:05:18 WARN  resetting database: /Users/lisian/worksplace/spark_with_drools/simple/app/.metals/metals.h2.db[0m
2022.12.11 15:05:18 ERROR org.flywaydb.core.internal.exception.FlywaySqlException: Unable to determine H2 compatibility mode
-----------------------------------------
SQL State  : 42S22
Error Code : 42122
Message    : Column "SETTING_VALUE" not found; SQL statement:
SELECT SETTING_VALUE FROM INFORMATION_SCHEMA.SETTINGS WHERE SETTING_NAME = 'MODE' [42122-206]

	at org.flywaydb.core.internal.database.h2.H2Database.determineCompatibilityMode(H2Database.java:95)
	at org.flywaydb.core.internal.database.h2.H2Database.<init>(H2Database.java:63)
	at org.flywaydb.core.internal.database.h2.H2DatabaseType.createDatabase(H2DatabaseType.java:61)
	at org.flywaydb.core.internal.database.base.BaseDatabaseType.createDatabase(BaseDatabaseType.java:140)
	at org.flywaydb.core.FlywayExecutor.execute(FlywayExecutor.java:176)
	at org.flywaydb.core.Flyway.clean(Flyway.java:211)
	at scala.meta.internal.metals.Tables.migrateOrRestart(Tables.scala:130)
	at scala.meta.internal.metals.Tables.tryUrl(Tables.scala:118)
	at scala.meta.internal.metals.Tables.persistentConnection(Tables.scala:112)
	at scala.meta.internal.metals.Tables.tryAutoServer(Tables.scala:55)
	at scala.meta.internal.metals.Tables.connect(Tables.scala:38)
	at scala.meta.internal.metals.MetalsLanguageServer.initialized(MetalsLanguageServer.scala:964)
	at jdk.internal.reflect.NativeMethodAccessorImpl.invoke0(Native Method)
	at jdk.internal.reflect.NativeMethodAccessorImpl.invoke(NativeMethodAccessorImpl.java:62)
	at jdk.internal.reflect.DelegatingMethodAccessorImpl.invoke(DelegatingMethodAccessorImpl.java:43)
	at java.lang.reflect.Method.invoke(Method.java:566)
	at org.eclipse.lsp4j.jsonrpc.services.GenericEndpoint.lambda$null$0(GenericEndpoint.java:65)
	at org.eclipse.lsp4j.jsonrpc.services.GenericEndpoint.notify(GenericEndpoint.java:152)
	at org.eclipse.lsp4j.jsonrpc.RemoteEndpoint.handleNotification(RemoteEndpoint.java:220)
	at org.eclipse.lsp4j.jsonrpc.RemoteEndpoint.consume(RemoteEndpoint.java:187)
	at org.eclipse.lsp4j.jsonrpc.json.StreamMessageProducer.handleMessage(StreamMessageProducer.java:194)
	at org.eclipse.lsp4j.jsonrpc.json.StreamMessageProducer.listen(StreamMessageProducer.java:94)
	at org.eclipse.lsp4j.jsonrpc.json.ConcurrentMessageProcessor.run(ConcurrentMessageProcessor.java:113)
	at java.util.concurrent.Executors$RunnableAdapter.call(Executors.java:515)
	at java.util.concurrent.FutureTask.run(FutureTask.java:264)
	at java.util.concurrent.ThreadPoolExecutor.runWorker(ThreadPoolExecutor.java:1128)
	at java.util.concurrent.ThreadPoolExecutor$Worker.run(ThreadPoolExecutor.java:628)
	at java.lang.Thread.run(Thread.java:829)
Caused by: org.h2.jdbc.JdbcSQLSyntaxErrorException: Column "SETTING_VALUE" not found; SQL statement:
SELECT SETTING_VALUE FROM INFORMATION_SCHEMA.SETTINGS WHERE SETTING_NAME = 'MODE' [42122-206]
	at org.h2.message.DbException.getJdbcSQLException(DbException.java:521)
	at org.h2.engine.SessionRemote.readException(SessionRemote.java:637)
	at org.h2.engine.SessionRemote.done(SessionRemote.java:606)
	at org.h2.command.CommandRemote.prepare(CommandRemote.java:78)
	at org.h2.command.CommandRemote.<init>(CommandRemote.java:50)
	at org.h2.engine.SessionRemote.prepareCommand(SessionRemote.java:480)
	at org.h2.jdbc.JdbcConnection.prepareCommand(JdbcConnection.java:1111)
	at org.h2.jdbc.JdbcPreparedStatement.<init>(JdbcPreparedStatement.java:92)
	at org.h2.jdbc.JdbcConnection.prepareStatement(JdbcConnection.java:283)
	at org.flywaydb.core.internal.jdbc.JdbcTemplate.prepareStatement(JdbcTemplate.java:300)
	at org.flywaydb.core.internal.jdbc.JdbcTemplate.queryForString(JdbcTemplate.java:157)
	at org.flywaydb.core.internal.database.h2.H2Database.determineCompatibilityMode(H2Database.java:89)
	at org.flywaydb.core.internal.database.h2.H2Database.<init>(H2Database.java:63)
	at org.flywaydb.core.internal.database.h2.H2DatabaseType.createDatabase(H2DatabaseType.java:61)
	at org.flywaydb.core.internal.database.base.BaseDatabaseType.createDatabase(BaseDatabaseType.java:140)
	at org.flywaydb.core.FlywayExecutor.execute(FlywayExecutor.java:176)
	at org.flywaydb.core.Flyway.clean(Flyway.java:211)
	at scala.meta.internal.metals.Tables.migrateOrRestart(Tables.scala:130)
	at scala.meta.internal.metals.Tables.tryUrl(Tables.scala:118)
	at scala.meta.internal.metals.Tables.persistentConnection(Tables.scala:112)
	at scala.meta.internal.metals.Tables.tryAutoServer(Tables.scala:55)
	at scala.meta.internal.metals.Tables.connect(Tables.scala:38)
	at scala.meta.internal.metals.MetalsLanguageServer.initialized(MetalsLanguageServer.scala:964)
	at jdk.internal.reflect.NativeMethodAccessorImpl.invoke0(Native Method)
	at jdk.internal.reflect.NativeMethodAccessorImpl.invoke(NativeMethodAccessorImpl.java:62)
	at jdk.internal.reflect.DelegatingMethodAccessorImpl.invoke(DelegatingMethodAccessorImpl.java:43)
	at java.lang.reflect.Method.invoke(Method.java:566)
	at org.eclipse.lsp4j.jsonrpc.services.GenericEndpoint.lambda$null$0(GenericEndpoint.java:65)
	at org.eclipse.lsp4j.jsonrpc.services.GenericEndpoint.notify(GenericEndpoint.java:152)
	at org.eclipse.lsp4j.jsonrpc.RemoteEndpoint.handleNotification(RemoteEndpoint.java:220)
	at org.eclipse.lsp4j.jsonrpc.RemoteEndpoint.consume(RemoteEndpoint.java:187)
	at org.eclipse.lsp4j.jsonrpc.json.StreamMessageProducer.handleMessage(StreamMessageProducer.java:194)
	at org.eclipse.lsp4j.jsonrpc.json.StreamMessageProducer.listen(StreamMessageProducer.java:94)
	at org.eclipse.lsp4j.jsonrpc.json.ConcurrentMessageProcessor.run(ConcurrentMessageProcessor.java:113)
	at java.util.concurrent.Executors$RunnableAdapter.call(Executors.java:515)
	at java.util.concurrent.FutureTask.run(FutureTask.java:264)
	at java.util.concurrent.ThreadPoolExecutor.runWorker(ThreadPoolExecutor.java:1128)
	at java.util.concurrent.ThreadPoolExecutor$Worker.run(ThreadPoolExecutor.java:628)
	at java.lang.Thread.run(Thread.java:829)
[0m
2022.12.11 15:05:18 INFO  Deleting old database format /Users/lisian/worksplace/spark_with_drools/simple/app/.metals/metals.h2.db[0m
2022.12.11 15:05:18 WARN  resetting database: /Users/lisian/worksplace/spark_with_drools/simple/app/.metals/metals.h2.db[0m
2022.12.11 15:05:18 ERROR unable to setup persistent H2 database with AUTO_SERVER=false, falling back to in-memory database. This means you may be redundantly asked to execute 'Import build', even if it's not needed. Also, code navigation will not work for existing files in the .metals/readonly/ directory. To fix this problem, make sure you only have one running Metals server in the directory '/Users/lisian/worksplace/spark_with_drools/simple/app'.
org.flywaydb.core.internal.exception.FlywaySqlException: Unable to determine H2 compatibility mode
-----------------------------------------
SQL State  : 42S22
Error Code : 42122
Message    : Column "SETTING_VALUE" not found; SQL statement:
SELECT SETTING_VALUE FROM INFORMATION_SCHEMA.SETTINGS WHERE SETTING_NAME = 'MODE' [42122-206]

	at org.flywaydb.core.internal.database.h2.H2Database.determineCompatibilityMode(H2Database.java:95)
	at org.flywaydb.core.internal.database.h2.H2Database.<init>(H2Database.java:63)
	at org.flywaydb.core.internal.database.h2.H2DatabaseType.createDatabase(H2DatabaseType.java:61)
	at org.flywaydb.core.internal.database.base.BaseDatabaseType.createDatabase(BaseDatabaseType.java:140)
	at org.flywaydb.core.FlywayExecutor.execute(FlywayExecutor.java:176)
	at org.flywaydb.core.Flyway.clean(Flyway.java:211)
	at scala.meta.internal.metals.Tables.migrateOrRestart(Tables.scala:130)
	at scala.meta.internal.metals.Tables.tryUrl(Tables.scala:118)
	at scala.meta.internal.metals.Tables.persistentConnection(Tables.scala:112)
	at scala.meta.internal.metals.Tables.tryNoAutoServer(Tables.scala:72)
	at scala.meta.internal.metals.Tables.tryAutoServer(Tables.scala:66)
	at scala.meta.internal.metals.Tables.connect(Tables.scala:38)
	at scala.meta.internal.metals.MetalsLanguageServer.initialized(MetalsLanguageServer.scala:964)
	at jdk.internal.reflect.NativeMethodAccessorImpl.invoke0(Native Method)
	at jdk.internal.reflect.NativeMethodAccessorImpl.invoke(NativeMethodAccessorImpl.java:62)
	at jdk.internal.reflect.DelegatingMethodAccessorImpl.invoke(DelegatingMethodAccessorImpl.java:43)
	at java.lang.reflect.Method.invoke(Method.java:566)
	at org.eclipse.lsp4j.jsonrpc.services.GenericEndpoint.lambda$null$0(GenericEndpoint.java:65)
	at org.eclipse.lsp4j.jsonrpc.services.GenericEndpoint.notify(GenericEndpoint.java:152)
	at org.eclipse.lsp4j.jsonrpc.RemoteEndpoint.handleNotification(RemoteEndpoint.java:220)
	at org.eclipse.lsp4j.jsonrpc.RemoteEndpoint.consume(RemoteEndpoint.java:187)
	at org.eclipse.lsp4j.jsonrpc.json.StreamMessageProducer.handleMessage(StreamMessageProducer.java:194)
	at org.eclipse.lsp4j.jsonrpc.json.StreamMessageProducer.listen(StreamMessageProducer.java:94)
	at org.eclipse.lsp4j.jsonrpc.json.ConcurrentMessageProcessor.run(ConcurrentMessageProcessor.java:113)
	at java.util.concurrent.Executors$RunnableAdapter.call(Executors.java:515)
	at java.util.concurrent.FutureTask.run(FutureTask.java:264)
	at java.util.concurrent.ThreadPoolExecutor.runWorker(ThreadPoolExecutor.java:1128)
	at java.util.concurrent.ThreadPoolExecutor$Worker.run(ThreadPoolExecutor.java:628)
	at java.lang.Thread.run(Thread.java:829)
Caused by: org.h2.jdbc.JdbcSQLSyntaxErrorException: Column "SETTING_VALUE" not found; SQL statement:
SELECT SETTING_VALUE FROM INFORMATION_SCHEMA.SETTINGS WHERE SETTING_NAME = 'MODE' [42122-206]
	at org.h2.message.DbException.getJdbcSQLException(DbException.java:521)
	at org.h2.engine.SessionRemote.readException(SessionRemote.java:637)
	at org.h2.engine.SessionRemote.done(SessionRemote.java:606)
	at org.h2.command.CommandRemote.prepare(CommandRemote.java:78)
	at org.h2.command.CommandRemote.<init>(CommandRemote.java:50)
	at org.h2.engine.SessionRemote.prepareCommand(SessionRemote.java:480)
	at org.h2.jdbc.JdbcConnection.prepareCommand(JdbcConnection.java:1111)
	at org.h2.jdbc.JdbcPreparedStatement.<init>(JdbcPreparedStatement.java:92)
	at org.h2.jdbc.JdbcConnection.prepareStatement(JdbcConnection.java:283)
	at org.flywaydb.core.internal.jdbc.JdbcTemplate.prepareStatement(JdbcTemplate.java:300)
	at org.flywaydb.core.internal.jdbc.JdbcTemplate.queryForString(JdbcTemplate.java:157)
	at org.flywaydb.core.internal.database.h2.H2Database.determineCompatibilityMode(H2Database.java:89)
	at org.flywaydb.core.internal.database.h2.H2Database.<init>(H2Database.java:63)
	at org.flywaydb.core.internal.database.h2.H2DatabaseType.createDatabase(H2DatabaseType.java:61)
	at org.flywaydb.core.internal.database.base.BaseDatabaseType.createDatabase(BaseDatabaseType.java:140)
	at org.flywaydb.core.FlywayExecutor.execute(FlywayExecutor.java:176)
	at org.flywaydb.core.Flyway.clean(Flyway.java:211)
	at scala.meta.internal.metals.Tables.migrateOrRestart(Tables.scala:130)
	at scala.meta.internal.metals.Tables.tryUrl(Tables.scala:118)
	at scala.meta.internal.metals.Tables.persistentConnection(Tables.scala:112)
	at scala.meta.internal.metals.Tables.tryNoAutoServer(Tables.scala:72)
	at scala.meta.internal.metals.Tables.tryAutoServer(Tables.scala:66)
	at scala.meta.internal.metals.Tables.connect(Tables.scala:38)
	at scala.meta.internal.metals.MetalsLanguageServer.initialized(MetalsLanguageServer.scala:964)
	at jdk.internal.reflect.NativeMethodAccessorImpl.invoke0(Native Method)
	at jdk.internal.reflect.NativeMethodAccessorImpl.invoke(NativeMethodAccessorImpl.java:62)
	at jdk.internal.reflect.DelegatingMethodAccessorImpl.invoke(DelegatingMethodAccessorImpl.java:43)
	at java.lang.reflect.Method.invoke(Method.java:566)
	at org.eclipse.lsp4j.jsonrpc.services.GenericEndpoint.lambda$null$0(GenericEndpoint.java:65)
	at org.eclipse.lsp4j.jsonrpc.services.GenericEndpoint.notify(GenericEndpoint.java:152)
	at org.eclipse.lsp4j.jsonrpc.RemoteEndpoint.handleNotification(RemoteEndpoint.java:220)
	at org.eclipse.lsp4j.jsonrpc.RemoteEndpoint.consume(RemoteEndpoint.java:187)
	at org.eclipse.lsp4j.jsonrpc.json.StreamMessageProducer.handleMessage(StreamMessageProducer.java:194)
	at org.eclipse.lsp4j.jsonrpc.json.StreamMessageProducer.listen(StreamMessageProducer.java:94)
	at org.eclipse.lsp4j.jsonrpc.json.ConcurrentMessageProcessor.run(ConcurrentMessageProcessor.java:113)
	at java.util.concurrent.Executors$RunnableAdapter.call(Executors.java:515)
	at java.util.concurrent.FutureTask.run(FutureTask.java:264)
	at java.util.concurrent.ThreadPoolExecutor.runWorker(ThreadPoolExecutor.java:1128)
	at java.util.concurrent.ThreadPoolExecutor$Worker.run(ThreadPoolExecutor.java:628)
	at java.lang.Thread.run(Thread.java:829)
[0m
2022.12.11 15:05:18 WARN  Build server is not auto-connectable.[0m
2022.12.11 15:05:19 WARN  no build target for: /Users/lisian/worksplace/spark_with_drools/simple/app/src/main/scala/simple/App.scala[0m
2022.12.11 15:05:22 INFO  no build target found for /Users/lisian/worksplace/spark_with_drools/simple/app/src/main/scala/simple/App.scala. Using presentation compiler with project's scala-library version: 3.1.1[0m
INFO  no build target: using presentation compiler with only scala-library
12월 11, 2022 3:09:12 오후 org.eclipse.lsp4j.jsonrpc.RemoteEndpoint fallbackResponseError
심각: Internal error: java.lang.InterruptedException
java.util.concurrent.CompletionException: java.lang.InterruptedException
	at java.base/java.util.concurrent.CompletableFuture.encodeThrowable(CompletableFuture.java:314)
	at java.base/java.util.concurrent.CompletableFuture.completeThrowable(CompletableFuture.java:319)
	at java.base/java.util.concurrent.CompletableFuture$UniAccept.tryFire(CompletableFuture.java:718)
	at java.base/java.util.concurrent.CompletableFuture.postComplete(CompletableFuture.java:506)
	at java.base/java.util.concurrent.CompletableFuture.complete(CompletableFuture.java:2073)
	at scala.meta.internal.metals.CancelTokens$.$anonfun$future$1(CancelTokens.scala:40)
	at scala.meta.internal.metals.CancelTokens$.$anonfun$future$1$adapted(CancelTokens.scala:36)
	at scala.concurrent.impl.CallbackRunnable.run(Promise.scala:64)
	at java.base/java.util.concurrent.ThreadPoolExecutor.runWorker(ThreadPoolExecutor.java:1128)
	at java.base/java.util.concurrent.ThreadPoolExecutor$Worker.run(ThreadPoolExecutor.java:628)
	at java.base/java.lang.Thread.run(Thread.java:829)
Caused by: java.lang.InterruptedException
	at scala.meta.internal.metals.FutureCancelToken.checkCanceled(FutureCancelToken.scala:20)
	at scala.meta.pc.OffsetParams.checkCanceled(OffsetParams.java:29)
	at scala.meta.internal.metals.CompilerOffsetParams.checkCanceled(CompilerOffsetParams.scala:6)
	at scala.meta.internal.pc.CompletionProvider.$anonfun$completions$1(CompletionProvider.scala:62)
	at scala.collection.Iterator$$anon$10.next(Iterator.scala:459)
	at scala.collection.Iterator.toStream(Iterator.scala:1415)
	at scala.collection.Iterator.toStream$(Iterator.scala:1414)
	at scala.collection.AbstractIterator.toStream(Iterator.scala:1429)
	at scala.collection.Iterator.$anonfun$toStream$1(Iterator.scala:1415)
	at scala.collection.immutable.Stream$Cons.tail(Stream.scala:1171)
	at scala.collection.immutable.Stream$Cons.tail(Stream.scala:1161)
	at scala.collection.immutable.StreamIterator.$anonfun$next$1(Stream.scala:1061)
	at scala.collection.immutable.StreamIterator$LazyCell.v$lzycompute(Stream.scala:1050)
	at scala.collection.immutable.StreamIterator$LazyCell.v(Stream.scala:1050)
	at scala.collection.immutable.StreamIterator.hasNext(Stream.scala:1055)
	at scala.collection.convert.Wrappers$IteratorWrapper.hasNext(Wrappers.scala:31)
	at org.eclipse.lsp4j.jsonrpc.json.adapters.CollectionTypeAdapter.write(CollectionTypeAdapter.java:134)
	at org.eclipse.lsp4j.jsonrpc.json.adapters.CollectionTypeAdapter.write(CollectionTypeAdapter.java:40)
	at com.google.gson.internal.bind.TypeAdapterRuntimeTypeWrapper.write(TypeAdapterRuntimeTypeWrapper.java:69)
	at com.google.gson.internal.bind.ReflectiveTypeAdapterFactory$1.write(ReflectiveTypeAdapterFactory.java:125)
	at com.google.gson.internal.bind.ReflectiveTypeAdapterFactory$Adapter.write(ReflectiveTypeAdapterFactory.java:243)
	at com.google.gson.Gson.toJson(Gson.java:669)
	at org.eclipse.lsp4j.jsonrpc.json.adapters.MessageTypeAdapter.write(MessageTypeAdapter.java:423)
	at org.eclipse.lsp4j.jsonrpc.json.adapters.MessageTypeAdapter.write(MessageTypeAdapter.java:55)
	at com.google.gson.Gson.toJson(Gson.java:669)
	at com.google.gson.Gson.toJson(Gson.java:648)
	at org.eclipse.lsp4j.jsonrpc.json.MessageJsonHandler.serialize(MessageJsonHandler.java:145)
	at org.eclipse.lsp4j.jsonrpc.json.MessageJsonHandler.serialize(MessageJsonHandler.java:140)
	at org.eclipse.lsp4j.jsonrpc.json.StreamMessageConsumer.consume(StreamMessageConsumer.java:59)
	at org.eclipse.lsp4j.jsonrpc.RemoteEndpoint.lambda$handleRequest$1(RemoteEndpoint.java:281)
	at java.base/java.util.concurrent.CompletableFuture$UniAccept.tryFire(CompletableFuture.java:714)
	... 8 more

WARN  no build target: /Users/lisian/worksplace/spark_with_drools/simple/app/src/main/scala/simple/App.scala
2022.12.11 15:09:41 WARN  no build target for: /Users/lisian/worksplace/spark_with_drools/simple/app/src/main/scala/simple/App.scala[0m
WARN  no build target: /Users/lisian/worksplace/spark_with_drools/simple/app/src/main/scala/simple/App.scala
2022.12.11 15:10:52 WARN  no build target for: /Users/lisian/worksplace/spark_with_drools/simple/app/src/main/scala/simple/App.scala[0m
WARN  no build target: /Users/lisian/worksplace/spark_with_drools/simple/app/src/main/scala/simple/App.scala
2022.12.11 15:11:04 WARN  no build target for: /Users/lisian/worksplace/spark_with_drools/simple/app/src/main/scala/simple/App.scala[0m
2022.12.11 15:11:28 INFO  Started: Metals version 0.11.2 in workspace '/Users/lisian/worksplace/spark_with_drools/simple/app' for client coc.nvim 0.0.80.[0m
2022.12.11 15:11:28 INFO  Parse release: 11.0.11[0m
INFO  time: initialize in 1.75s
INFO  Selected port 5031
12월 11, 2022 3:11:31 오후 org.xnio.Xnio <clinit>
INFO: XNIO version 3.6.5.Final
12월 11, 2022 3:11:31 오후 org.xnio.nio.NioXnio <clinit>
INFO: XNIO NIO Implementation Version 3.6.5.Final
12월 11, 2022 3:11:31 오후 org.jboss.threads.Version <clinit>
INFO: JBoss Threads version 2.3.0.Beta2
INFO  Started Metals http server at http://127.0.0.1:5031
WARN  no build target: /Users/lisian/worksplace/spark_with_drools/simple/app/src/main/scala/simple/App.scala
2022.12.11 15:11:33 INFO  time: initialize in 4.5s[0m
2022.12.11 15:11:33 INFO  Deleting old database format /Users/lisian/worksplace/spark_with_drools/simple/app/.metals/metals.h2.db[0m
2022.12.11 15:11:33 WARN  resetting database: /Users/lisian/worksplace/spark_with_drools/simple/app/.metals/metals.h2.db[0m
2022.12.11 15:11:33 ERROR org.flywaydb.core.internal.exception.FlywaySqlException: Unable to determine H2 compatibility mode
-----------------------------------------
SQL State  : 42S22
Error Code : 42122
Message    : Column "SETTING_VALUE" not found; SQL statement:
SELECT SETTING_VALUE FROM INFORMATION_SCHEMA.SETTINGS WHERE SETTING_NAME = 'MODE' [42122-206]

	at org.flywaydb.core.internal.database.h2.H2Database.determineCompatibilityMode(H2Database.java:95)
	at org.flywaydb.core.internal.database.h2.H2Database.<init>(H2Database.java:63)
	at org.flywaydb.core.internal.database.h2.H2DatabaseType.createDatabase(H2DatabaseType.java:61)
	at org.flywaydb.core.internal.database.base.BaseDatabaseType.createDatabase(BaseDatabaseType.java:140)
	at org.flywaydb.core.FlywayExecutor.execute(FlywayExecutor.java:176)
	at org.flywaydb.core.Flyway.clean(Flyway.java:211)
	at scala.meta.internal.metals.Tables.migrateOrRestart(Tables.scala:130)
	at scala.meta.internal.metals.Tables.tryUrl(Tables.scala:118)
	at scala.meta.internal.metals.Tables.persistentConnection(Tables.scala:112)
	at scala.meta.internal.metals.Tables.tryAutoServer(Tables.scala:55)
	at scala.meta.internal.metals.Tables.connect(Tables.scala:38)
	at scala.meta.internal.metals.MetalsLanguageServer.initialized(MetalsLanguageServer.scala:964)
	at jdk.internal.reflect.NativeMethodAccessorImpl.invoke0(Native Method)
	at jdk.internal.reflect.NativeMethodAccessorImpl.invoke(NativeMethodAccessorImpl.java:62)
	at jdk.internal.reflect.DelegatingMethodAccessorImpl.invoke(DelegatingMethodAccessorImpl.java:43)
	at java.lang.reflect.Method.invoke(Method.java:566)
	at org.eclipse.lsp4j.jsonrpc.services.GenericEndpoint.lambda$null$0(GenericEndpoint.java:65)
	at org.eclipse.lsp4j.jsonrpc.services.GenericEndpoint.notify(GenericEndpoint.java:152)
	at org.eclipse.lsp4j.jsonrpc.RemoteEndpoint.handleNotification(RemoteEndpoint.java:220)
	at org.eclipse.lsp4j.jsonrpc.RemoteEndpoint.consume(RemoteEndpoint.java:187)
	at org.eclipse.lsp4j.jsonrpc.json.StreamMessageProducer.handleMessage(StreamMessageProducer.java:194)
	at org.eclipse.lsp4j.jsonrpc.json.StreamMessageProducer.listen(StreamMessageProducer.java:94)
	at org.eclipse.lsp4j.jsonrpc.json.ConcurrentMessageProcessor.run(ConcurrentMessageProcessor.java:113)
	at java.util.concurrent.Executors$RunnableAdapter.call(Executors.java:515)
	at java.util.concurrent.FutureTask.run(FutureTask.java:264)
	at java.util.concurrent.ThreadPoolExecutor.runWorker(ThreadPoolExecutor.java:1128)
	at java.util.concurrent.ThreadPoolExecutor$Worker.run(ThreadPoolExecutor.java:628)
	at java.lang.Thread.run(Thread.java:829)
Caused by: org.h2.jdbc.JdbcSQLSyntaxErrorException: Column "SETTING_VALUE" not found; SQL statement:
SELECT SETTING_VALUE FROM INFORMATION_SCHEMA.SETTINGS WHERE SETTING_NAME = 'MODE' [42122-206]
	at org.h2.message.DbException.getJdbcSQLException(DbException.java:521)
	at org.h2.engine.SessionRemote.readException(SessionRemote.java:637)
	at org.h2.engine.SessionRemote.done(SessionRemote.java:606)
	at org.h2.command.CommandRemote.prepare(CommandRemote.java:78)
	at org.h2.command.CommandRemote.<init>(CommandRemote.java:50)
	at org.h2.engine.SessionRemote.prepareCommand(SessionRemote.java:480)
	at org.h2.jdbc.JdbcConnection.prepareCommand(JdbcConnection.java:1111)
	at org.h2.jdbc.JdbcPreparedStatement.<init>(JdbcPreparedStatement.java:92)
	at org.h2.jdbc.JdbcConnection.prepareStatement(JdbcConnection.java:283)
	at org.flywaydb.core.internal.jdbc.JdbcTemplate.prepareStatement(JdbcTemplate.java:300)
	at org.flywaydb.core.internal.jdbc.JdbcTemplate.queryForString(JdbcTemplate.java:157)
	at org.flywaydb.core.internal.database.h2.H2Database.determineCompatibilityMode(H2Database.java:89)
	at org.flywaydb.core.internal.database.h2.H2Database.<init>(H2Database.java:63)
	at org.flywaydb.core.internal.database.h2.H2DatabaseType.createDatabase(H2DatabaseType.java:61)
	at org.flywaydb.core.internal.database.base.BaseDatabaseType.createDatabase(BaseDatabaseType.java:140)
	at org.flywaydb.core.FlywayExecutor.execute(FlywayExecutor.java:176)
	at org.flywaydb.core.Flyway.clean(Flyway.java:211)
	at scala.meta.internal.metals.Tables.migrateOrRestart(Tables.scala:130)
	at scala.meta.internal.metals.Tables.tryUrl(Tables.scala:118)
	at scala.meta.internal.metals.Tables.persistentConnection(Tables.scala:112)
	at scala.meta.internal.metals.Tables.tryAutoServer(Tables.scala:55)
	at scala.meta.internal.metals.Tables.connect(Tables.scala:38)
	at scala.meta.internal.metals.MetalsLanguageServer.initialized(MetalsLanguageServer.scala:964)
	at jdk.internal.reflect.NativeMethodAccessorImpl.invoke0(Native Method)
	at jdk.internal.reflect.NativeMethodAccessorImpl.invoke(NativeMethodAccessorImpl.java:62)
	at jdk.internal.reflect.DelegatingMethodAccessorImpl.invoke(DelegatingMethodAccessorImpl.java:43)
	at java.lang.reflect.Method.invoke(Method.java:566)
	at org.eclipse.lsp4j.jsonrpc.services.GenericEndpoint.lambda$null$0(GenericEndpoint.java:65)
	at org.eclipse.lsp4j.jsonrpc.services.GenericEndpoint.notify(GenericEndpoint.java:152)
	at org.eclipse.lsp4j.jsonrpc.RemoteEndpoint.handleNotification(RemoteEndpoint.java:220)
	at org.eclipse.lsp4j.jsonrpc.RemoteEndpoint.consume(RemoteEndpoint.java:187)
	at org.eclipse.lsp4j.jsonrpc.json.StreamMessageProducer.handleMessage(StreamMessageProducer.java:194)
	at org.eclipse.lsp4j.jsonrpc.json.StreamMessageProducer.listen(StreamMessageProducer.java:94)
	at org.eclipse.lsp4j.jsonrpc.json.ConcurrentMessageProcessor.run(ConcurrentMessageProcessor.java:113)
	at java.util.concurrent.Executors$RunnableAdapter.call(Executors.java:515)
	at java.util.concurrent.FutureTask.run(FutureTask.java:264)
	at java.util.concurrent.ThreadPoolExecutor.runWorker(ThreadPoolExecutor.java:1128)
	at java.util.concurrent.ThreadPoolExecutor$Worker.run(ThreadPoolExecutor.java:628)
	at java.lang.Thread.run(Thread.java:829)
[0m
2022.12.11 15:11:33 WARN  resetting database: /Users/lisian/worksplace/spark_with_drools/simple/app/.metals/metals.h2.db[0m
2022.12.11 15:11:33 ERROR unable to setup persistent H2 database with AUTO_SERVER=false, falling back to in-memory database. This means you may be redundantly asked to execute 'Import build', even if it's not needed. Also, code navigation will not work for existing files in the .metals/readonly/ directory. To fix this problem, make sure you only have one running Metals server in the directory '/Users/lisian/worksplace/spark_with_drools/simple/app'.
org.flywaydb.core.internal.exception.FlywaySqlException: Unable to determine H2 compatibility mode
-----------------------------------------
SQL State  : 42S22
Error Code : 42122
Message    : Column "SETTING_VALUE" not found; SQL statement:
SELECT SETTING_VALUE FROM INFORMATION_SCHEMA.SETTINGS WHERE SETTING_NAME = 'MODE' [42122-206]

	at org.flywaydb.core.internal.database.h2.H2Database.determineCompatibilityMode(H2Database.java:95)
	at org.flywaydb.core.internal.database.h2.H2Database.<init>(H2Database.java:63)
	at org.flywaydb.core.internal.database.h2.H2DatabaseType.createDatabase(H2DatabaseType.java:61)
	at org.flywaydb.core.internal.database.base.BaseDatabaseType.createDatabase(BaseDatabaseType.java:140)
	at org.flywaydb.core.FlywayExecutor.execute(FlywayExecutor.java:176)
	at org.flywaydb.core.Flyway.clean(Flyway.java:211)
	at scala.meta.internal.metals.Tables.migrateOrRestart(Tables.scala:130)
	at scala.meta.internal.metals.Tables.tryUrl(Tables.scala:118)
	at scala.meta.internal.metals.Tables.persistentConnection(Tables.scala:112)
	at scala.meta.internal.metals.Tables.tryNoAutoServer(Tables.scala:72)
	at scala.meta.internal.metals.Tables.tryAutoServer(Tables.scala:66)
	at scala.meta.internal.metals.Tables.connect(Tables.scala:38)
	at scala.meta.internal.metals.MetalsLanguageServer.initialized(MetalsLanguageServer.scala:964)
	at jdk.internal.reflect.NativeMethodAccessorImpl.invoke0(Native Method)
	at jdk.internal.reflect.NativeMethodAccessorImpl.invoke(NativeMethodAccessorImpl.java:62)
	at jdk.internal.reflect.DelegatingMethodAccessorImpl.invoke(DelegatingMethodAccessorImpl.java:43)
	at java.lang.reflect.Method.invoke(Method.java:566)
	at org.eclipse.lsp4j.jsonrpc.services.GenericEndpoint.lambda$null$0(GenericEndpoint.java:65)
	at org.eclipse.lsp4j.jsonrpc.services.GenericEndpoint.notify(GenericEndpoint.java:152)
	at org.eclipse.lsp4j.jsonrpc.RemoteEndpoint.handleNotification(RemoteEndpoint.java:220)
	at org.eclipse.lsp4j.jsonrpc.RemoteEndpoint.consume(RemoteEndpoint.java:187)
	at org.eclipse.lsp4j.jsonrpc.json.StreamMessageProducer.handleMessage(StreamMessageProducer.java:194)
	at org.eclipse.lsp4j.jsonrpc.json.StreamMessageProducer.listen(StreamMessageProducer.java:94)
	at org.eclipse.lsp4j.jsonrpc.json.ConcurrentMessageProcessor.run(ConcurrentMessageProcessor.java:113)
	at java.util.concurrent.Executors$RunnableAdapter.call(Executors.java:515)
	at java.util.concurrent.FutureTask.run(FutureTask.java:264)
	at java.util.concurrent.ThreadPoolExecutor.runWorker(ThreadPoolExecutor.java:1128)
	at java.util.concurrent.ThreadPoolExecutor$Worker.run(ThreadPoolExecutor.java:628)
	at java.lang.Thread.run(Thread.java:829)
Caused by: org.h2.jdbc.JdbcSQLSyntaxErrorException: Column "SETTING_VALUE" not found; SQL statement:
SELECT SETTING_VALUE FROM INFORMATION_SCHEMA.SETTINGS WHERE SETTING_NAME = 'MODE' [42122-206]
	at org.h2.message.DbException.getJdbcSQLException(DbException.java:521)
	at org.h2.engine.SessionRemote.readException(SessionRemote.java:637)
	at org.h2.engine.SessionRemote.done(SessionRemote.java:606)
	at org.h2.command.CommandRemote.prepare(CommandRemote.java:78)
	at org.h2.command.CommandRemote.<init>(CommandRemote.java:50)
	at org.h2.engine.SessionRemote.prepareCommand(SessionRemote.java:480)
	at org.h2.jdbc.JdbcConnection.prepareCommand(JdbcConnection.java:1111)
	at org.h2.jdbc.JdbcPreparedStatement.<init>(JdbcPreparedStatement.java:92)
	at org.h2.jdbc.JdbcConnection.prepareStatement(JdbcConnection.java:283)
	at org.flywaydb.core.internal.jdbc.JdbcTemplate.prepareStatement(JdbcTemplate.java:300)
	at org.flywaydb.core.internal.jdbc.JdbcTemplate.queryForString(JdbcTemplate.java:157)
	at org.flywaydb.core.internal.database.h2.H2Database.determineCompatibilityMode(H2Database.java:89)
	at org.flywaydb.core.internal.database.h2.H2Database.<init>(H2Database.java:63)
	at org.flywaydb.core.internal.database.h2.H2DatabaseType.createDatabase(H2DatabaseType.java:61)
	at org.flywaydb.core.internal.database.base.BaseDatabaseType.createDatabase(BaseDatabaseType.java:140)
	at org.flywaydb.core.FlywayExecutor.execute(FlywayExecutor.java:176)
	at org.flywaydb.core.Flyway.clean(Flyway.java:211)
	at scala.meta.internal.metals.Tables.migrateOrRestart(Tables.scala:130)
	at scala.meta.internal.metals.Tables.tryUrl(Tables.scala:118)
	at scala.meta.internal.metals.Tables.persistentConnection(Tables.scala:112)
	at scala.meta.internal.metals.Tables.tryNoAutoServer(Tables.scala:72)
	at scala.meta.internal.metals.Tables.tryAutoServer(Tables.scala:66)
	at scala.meta.internal.metals.Tables.connect(Tables.scala:38)
	at scala.meta.internal.metals.MetalsLanguageServer.initialized(MetalsLanguageServer.scala:964)
	at jdk.internal.reflect.NativeMethodAccessorImpl.invoke0(Native Method)
	at jdk.internal.reflect.NativeMethodAccessorImpl.invoke(NativeMethodAccessorImpl.java:62)
	at jdk.internal.reflect.DelegatingMethodAccessorImpl.invoke(DelegatingMethodAccessorImpl.java:43)
	at java.lang.reflect.Method.invoke(Method.java:566)
	at org.eclipse.lsp4j.jsonrpc.services.GenericEndpoint.lambda$null$0(GenericEndpoint.java:65)
	at org.eclipse.lsp4j.jsonrpc.services.GenericEndpoint.notify(GenericEndpoint.java:152)
	at org.eclipse.lsp4j.jsonrpc.RemoteEndpoint.handleNotification(RemoteEndpoint.java:220)
	at org.eclipse.lsp4j.jsonrpc.RemoteEndpoint.consume(RemoteEndpoint.java:187)
	at org.eclipse.lsp4j.jsonrpc.json.StreamMessageProducer.handleMessage(StreamMessageProducer.java:194)
	at org.eclipse.lsp4j.jsonrpc.json.StreamMessageProducer.listen(StreamMessageProducer.java:94)
	at org.eclipse.lsp4j.jsonrpc.json.ConcurrentMessageProcessor.run(ConcurrentMessageProcessor.java:113)
	at java.util.concurrent.Executors$RunnableAdapter.call(Executors.java:515)
	at java.util.concurrent.FutureTask.run(FutureTask.java:264)
	at java.util.concurrent.ThreadPoolExecutor.runWorker(ThreadPoolExecutor.java:1128)
	at java.util.concurrent.ThreadPoolExecutor$Worker.run(ThreadPoolExecutor.java:628)
	at java.lang.Thread.run(Thread.java:829)
[0m
2022.12.11 15:11:33 WARN  Build server is not auto-connectable.[0m
2022.12.11 15:11:34 WARN  no build target for: /Users/lisian/worksplace/spark_with_drools/simple/app/src/main/scala/simple/App.scala[0m
2022.12.11 15:11:37 INFO  no build target found for /Users/lisian/worksplace/spark_with_drools/simple/app/src/main/scala/simple/App.scala. Using presentation compiler with project's scala-library version: 3.1.1[0m
WARN  no build target: /Users/lisian/worksplace/spark_with_drools/simple/app/src/main/scala/simple/App.scala
2022.12.11 15:11:40 WARN  no build target for: /Users/lisian/worksplace/spark_with_drools/simple/app/src/main/scala/simple/App.scala[0m
