2022.11.20 15:27:36 INFO  tracing is disabled for protocol LSP, to enable tracing of incoming and outgoing JSON messages create an empty file at /Users/lisian/worksplace/quickstart_drools/my-dmn/.metals/lsp.trace.json or /Users/lisian/Library/Caches/org.scalameta.metals/lsp.trace.json[0m
2022.11.20 15:27:37 INFO  logging to file /Users/lisian/worksplace/quickstart_drools/my-dmn/.metals/metals.log[0m
2022.11.20 15:27:37 INFO  Started: Metals version 0.11.2 in workspace '/Users/lisian/worksplace/quickstart_drools/my-dmn' for client coc.nvim 0.0.80.[0m
2022.11.20 15:27:37 INFO  Parse release: 11.0.11[0m
2022.11.20 15:27:39 INFO  time: initialize in 2.09s[0m
2022.11.20 15:27:39 WARN  Build server is not auto-connectable.[0m
2022.11.20 15:28:09 INFO  tracing is disabled for protocol LSP, to enable tracing of incoming and outgoing JSON messages create an empty file at /Users/lisian/worksplace/quickstart_drools/my-dmn/.metals/lsp.trace.json or /Users/lisian/Library/Caches/org.scalameta.metals/lsp.trace.json[0m
2022.11.20 15:28:09 INFO  logging to file /Users/lisian/worksplace/quickstart_drools/my-dmn/.metals/metals.log[0m
2022.11.20 15:28:09 INFO  Started: Metals version 0.11.2 in workspace '/Users/lisian/worksplace/quickstart_drools/my-dmn' for client coc.nvim 0.0.80.[0m
2022.11.20 15:28:09 INFO  Parse release: 11.0.11[0m
2022.11.20 15:28:11 INFO  time: initialize in 2.27s[0m
2022.11.20 15:28:12 WARN  Build server is not auto-connectable.[0m
2022.11.20 15:28:12 INFO  skipping build import with status 'Dismissed'[0m
2022.11.20 15:29:37 INFO  tracing is disabled for protocol LSP, to enable tracing of incoming and outgoing JSON messages create an empty file at /Users/lisian/worksplace/quickstart_drools/my-dmn/.metals/lsp.trace.json or /Users/lisian/Library/Caches/org.scalameta.metals/lsp.trace.json[0m
2022.11.20 15:29:38 INFO  logging to file /Users/lisian/worksplace/quickstart_drools/my-dmn/.metals/metals.log[0m
2022.11.20 15:29:38 INFO  Started: Metals version 0.11.2 in workspace '/Users/lisian/worksplace/quickstart_drools/my-dmn' for client coc.nvim 0.0.80.[0m
2022.11.20 15:29:38 INFO  Parse release: 11.0.11[0m
2022.11.20 15:29:40 INFO  time: initialize in 2.66s[0m
2022.11.20 15:29:41 WARN  Build server is not auto-connectable.[0m
2022.11.20 15:29:41 INFO  skipping build import with status 'Dismissed'[0m
2022.11.20 15:59:31 INFO  tracing is disabled for protocol LSP, to enable tracing of incoming and outgoing JSON messages create an empty file at /Users/lisian/worksplace/quickstart_drools/my-dmn/.metals/lsp.trace.json or /Users/lisian/Library/Caches/org.scalameta.metals/lsp.trace.json[0m
2022.11.20 15:59:32 INFO  logging to file /Users/lisian/worksplace/quickstart_drools/my-dmn/.metals/metals.log[0m
2022.11.20 15:59:32 INFO  Started: Metals version 0.11.2 in workspace '/Users/lisian/worksplace/quickstart_drools/my-dmn' for client coc.nvim 0.0.80.[0m
2022.11.20 15:59:32 INFO  Parse release: 11.0.11[0m
2022.11.20 15:59:35 INFO  time: initialize in 2.62s[0m
2022.11.20 15:59:35 WARN  Build server is not auto-connectable.[0m
2022.11.20 15:59:35 INFO  skipping build import with status 'Requested'[0m
2022.11.20 16:00:38 INFO  tracing is disabled for protocol LSP, to enable tracing of incoming and outgoing JSON messages create an empty file at /Users/lisian/worksplace/quickstart_drools/my-dmn/.metals/lsp.trace.json or /Users/lisian/Library/Caches/org.scalameta.metals/lsp.trace.json[0m
2022.11.20 16:00:39 INFO  logging to file /Users/lisian/worksplace/quickstart_drools/my-dmn/.metals/metals.log[0m
2022.11.20 16:00:39 INFO  Started: Metals version 0.11.2 in workspace '/Users/lisian/worksplace/quickstart_drools/my-dmn' for client coc.nvim 0.0.80.[0m
2022.11.20 16:00:39 INFO  Parse release: 11.0.11[0m
2022.11.20 16:00:41 INFO  time: initialize in 2.76s[0m
2022.11.20 16:00:42 WARN  Build server is not auto-connectable.[0m
2022.11.20 16:00:42 INFO  skipping build import with status 'Requested'[0m
